2014/02/19 22:55:27 [error] [exception.CException] exception 'CException' with message 'CAssetManager.basePath "C:\xampp\htdocs\yii_test\assets" is invalid. Please make sure the directory exists and is writable by the Web server process.' in C:\yii\framework\web\CAssetManager.php:138
Stack trace:
#0 C:\yii\framework\web\CAssetManager.php(123): CAssetManager->setBasePath('C:\xampp\htdocs...')
#1 C:\yii\framework\web\CAssetManager.php(217): CAssetManager->getBasePath()
#2 C:\yii\framework\web\CClientScript.php(511): CAssetManager->publish('C:\yii\framewor...')
#3 C:\yii\framework\web\CClientScript.php(548): CClientScript->getCoreScriptUrl()
#4 C:\yii\framework\web\CClientScript.php(349): CClientScript->getPackageBaseUrl('jquery')
#5 C:\yii\framework\web\CClientScript.php(208): CClientScript->renderCoreScripts()
#6 C:\yii\framework\web\CController.php(351): CClientScript->render('<!DOCTYPE html ...')
#7 C:\yii\framework\web\CController.php(788): CController->processOutput('<!DOCTYPE html ...')
#8 C:\xampp\htdocs\yii_test\protected\controllers\SiteController.php(72): CController->render('contact', Array)
#9 C:\yii\framework\web\actions\CInlineAction.php(49): SiteController->actionContact()
#10 C:\yii\framework\web\CController.php(308): CInlineAction->runWithParams(Array)
#11 C:\yii\framework\web\CController.php(286): CController->runAction(Object(CInlineAction))
#12 C:\yii\framework\web\CController.php(265): CController->runActionWithFilters(Object(CInlineAction), Array)
#13 C:\yii\framework\web\CWebApplication.php(282): CController->run('contact')
#14 C:\yii\framework\web\CWebApplication.php(141): CWebApplication->runController('site/contact')
#15 C:\yii\framework\base\CApplication.php(184): CWebApplication->processRequest()
#16 C:\xampp\htdocs\yii_test\index.php(13): CApplication->run()
#17 {main}
REQUEST_URI=/yii_test/index.php?r=site/contact
HTTP_REFERER=http://localhost/yii_test/index.php?r=site/index
---
